[2021-10-23T13:31:34.441] [ERROR] error - [Mongoose] - error: connect ECONNREFUSED 127.0.0.1:27017
[2021-11-07T17:44:23.814] [ERROR] error - Error: Missing credentials for "PLAIN"
    at SMTPConnection._formatError (C:\Users\Yoma\Desktop\CoderBE13440-main\BEparte2\clase35\node_modules\nodemailer\lib\smtp-connection\index.js:784:19)
    at SMTPConnection.login (C:\Users\Yoma\Desktop\CoderBE13440-main\BEparte2\clase35\node_modules\nodemailer\lib\smtp-connection\index.js:438:38)
    at C:\Users\Yoma\Desktop\CoderBE13440-main\BEparte2\clase35\node_modules\nodemailer\lib\smtp-transport\index.js:271:32
    at SMTPConnection.<anonymous> (C:\Users\Yoma\Desktop\CoderBE13440-main\BEparte2\clase35\node_modules\nodemailer\lib\smtp-connection\index.js:209:17)
    at Object.onceWrapper (events.js:421:28)
    at SMTPConnection.emit (events.js:315:20)
    at SMTPConnection._actionEHLO (C:\Users\Yoma\Desktop\CoderBE13440-main\BEparte2\clase35\node_modules\nodemailer\lib\smtp-connection\index.js:1319:14)
    at SMTPConnection._processResponse (C:\Users\Yoma\Desktop\CoderBE13440-main\BEparte2\clase35\node_modules\nodemailer\lib\smtp-connection\index.js:947:20)
    at SMTPConnection._onData (C:\Users\Yoma\Desktop\CoderBE13440-main\BEparte2\clase35\node_modules\nodemailer\lib\smtp-connection\index.js:749:14)
    at TLSSocket.SMTPConnection._onSocketData (C:\Users\Yoma\Desktop\CoderBE13440-main\BEparte2\clase35\node_modules\nodemailer\lib\smtp-connection\index.js:189:44)
    at TLSSocket.emit (events.js:315:20)
    at addChunk (internal/streams/readable.js:309:12)
    at readableAddChunk (internal/streams/readable.js:284:9)
    at TLSSocket.Readable.push (internal/streams/readable.js:223:10)
    at TLSWrap.onStreamRead (internal/stream_base_commons.js:188:23) {
  code: 'EAUTH',
  command: 'API'
}
[2021-11-07T17:44:26.082] [ERROR] error - Error: Missing credentials for "PLAIN"
    at SMTPConnection._formatError (C:\Users\Yoma\Desktop\CoderBE13440-main\BEparte2\clase35\node_modules\nodemailer\lib\smtp-connection\index.js:784:19)
    at SMTPConnection.login (C:\Users\Yoma\Desktop\CoderBE13440-main\BEparte2\clase35\node_modules\nodemailer\lib\smtp-connection\index.js:438:38)
    at C:\Users\Yoma\Desktop\CoderBE13440-main\BEparte2\clase35\node_modules\nodemailer\lib\smtp-transport\index.js:271:32
    at SMTPConnection.<anonymous> (C:\Users\Yoma\Desktop\CoderBE13440-main\BEparte2\clase35\node_modules\nodemailer\lib\smtp-connection\index.js:209:17)
    at Object.onceWrapper (events.js:421:28)
    at SMTPConnection.emit (events.js:315:20)
    at SMTPConnection._actionEHLO (C:\Users\Yoma\Desktop\CoderBE13440-main\BEparte2\clase35\node_modules\nodemailer\lib\smtp-connection\index.js:1319:14)
    at SMTPConnection._processResponse (C:\Users\Yoma\Desktop\CoderBE13440-main\BEparte2\clase35\node_modules\nodemailer\lib\smtp-connection\index.js:947:20)
    at SMTPConnection._onData (C:\Users\Yoma\Desktop\CoderBE13440-main\BEparte2\clase35\node_modules\nodemailer\lib\smtp-connection\index.js:749:14)
    at TLSSocket.SMTPConnection._onSocketData (C:\Users\Yoma\Desktop\CoderBE13440-main\BEparte2\clase35\node_modules\nodemailer\lib\smtp-connection\index.js:189:44)
    at TLSSocket.emit (events.js:315:20)
    at addChunk (internal/streams/readable.js:309:12)
    at readableAddChunk (internal/streams/readable.js:284:9)
    at TLSSocket.Readable.push (internal/streams/readable.js:223:10)
    at TLSWrap.onStreamRead (internal/stream_base_commons.js:188:23) {
  code: 'EAUTH',
  command: 'API'
}
[2021-11-07T18:25:58.211] [ERROR] error - Error: Missing credentials for "PLAIN"
    at SMTPConnection._formatError (C:\Users\Yoma\Desktop\CoderBE13440-main\BEparte2\clase35\node_modules\nodemailer\lib\smtp-connection\index.js:784:19)
    at SMTPConnection.login (C:\Users\Yoma\Desktop\CoderBE13440-main\BEparte2\clase35\node_modules\nodemailer\lib\smtp-connection\index.js:438:38)
    at C:\Users\Yoma\Desktop\CoderBE13440-main\BEparte2\clase35\node_modules\nodemailer\lib\smtp-transport\index.js:271:32
    at SMTPConnection.<anonymous> (C:\Users\Yoma\Desktop\CoderBE13440-main\BEparte2\clase35\node_modules\nodemailer\lib\smtp-connection\index.js:209:17)
    at Object.onceWrapper (events.js:421:28)
    at SMTPConnection.emit (events.js:315:20)
    at SMTPConnection._actionEHLO (C:\Users\Yoma\Desktop\CoderBE13440-main\BEparte2\clase35\node_modules\nodemailer\lib\smtp-connection\index.js:1319:14)
    at SMTPConnection._processResponse (C:\Users\Yoma\Desktop\CoderBE13440-main\BEparte2\clase35\node_modules\nodemailer\lib\smtp-connection\index.js:947:20)
    at SMTPConnection._onData (C:\Users\Yoma\Desktop\CoderBE13440-main\BEparte2\clase35\node_modules\nodemailer\lib\smtp-connection\index.js:749:14)
    at TLSSocket.SMTPConnection._onSocketData (C:\Users\Yoma\Desktop\CoderBE13440-main\BEparte2\clase35\node_modules\nodemailer\lib\smtp-connection\index.js:189:44)
    at TLSSocket.emit (events.js:315:20)
    at addChunk (internal/streams/readable.js:309:12)
    at readableAddChunk (internal/streams/readable.js:284:9)
    at TLSSocket.Readable.push (internal/streams/readable.js:223:10)
    at TLSWrap.onStreamRead (internal/stream_base_commons.js:188:23) {
  code: 'EAUTH',
  command: 'API'
}
[2021-11-07T19:02:37.255] [ERROR] error - Error: Missing credentials for "PLAIN"
    at SMTPConnection._formatError (C:\Users\Yoma\Desktop\CoderBE13440-main\BEparte2\clase35\node_modules\nodemailer\lib\smtp-connection\index.js:784:19)
    at SMTPConnection.login (C:\Users\Yoma\Desktop\CoderBE13440-main\BEparte2\clase35\node_modules\nodemailer\lib\smtp-connection\index.js:438:38)
    at C:\Users\Yoma\Desktop\CoderBE13440-main\BEparte2\clase35\node_modules\nodemailer\lib\smtp-transport\index.js:271:32
    at SMTPConnection.<anonymous> (C:\Users\Yoma\Desktop\CoderBE13440-main\BEparte2\clase35\node_modules\nodemailer\lib\smtp-connection\index.js:209:17)
    at Object.onceWrapper (events.js:421:28)
    at SMTPConnection.emit (events.js:315:20)
    at SMTPConnection._actionEHLO (C:\Users\Yoma\Desktop\CoderBE13440-main\BEparte2\clase35\node_modules\nodemailer\lib\smtp-connection\index.js:1319:14)
    at SMTPConnection._processResponse (C:\Users\Yoma\Desktop\CoderBE13440-main\BEparte2\clase35\node_modules\nodemailer\lib\smtp-connection\index.js:947:20)
    at SMTPConnection._onData (C:\Users\Yoma\Desktop\CoderBE13440-main\BEparte2\clase35\node_modules\nodemailer\lib\smtp-connection\index.js:749:14)
    at TLSSocket.SMTPConnection._onSocketData (C:\Users\Yoma\Desktop\CoderBE13440-main\BEparte2\clase35\node_modules\nodemailer\lib\smtp-connection\index.js:189:44)
    at TLSSocket.emit (events.js:315:20)
    at addChunk (internal/streams/readable.js:309:12)
    at readableAddChunk (internal/streams/readable.js:284:9)
    at TLSSocket.Readable.push (internal/streams/readable.js:223:10)
    at TLSWrap.onStreamRead (internal/stream_base_commons.js:188:23) {
  code: 'EAUTH',
  command: 'API'
}
[2021-11-15T15:12:44.239] [ERROR] error - Error: connect ETIMEDOUT 13.49.22.0:587
    at TCPConnectWrap.afterConnect [as oncomplete] (net.js:1146:16) {
  errno: -4039,
  code: 'ESOCKET',
  syscall: 'connect',
  address: '13.49.22.0',
  port: 587,
  command: 'CONN'
}
