[2021-11-08T10:35:39.119] [WARN] warn - Error: No hay productos que coincidan con la busqueda.
    at C:\Users\Yoma\Desktop\CoderBE13440-main\BEparte2\3ra-entrega\src\routes\products.routes.js:67:19
    at runMicrotasks (<anonymous>)
    at processTicksAndRejections (internal/process/task_queues.js:93:5)
[2021-11-08T10:35:47.604] [WARN] warn - Error: No hay productos que coincidan con la busqueda.
    at C:\Users\Yoma\Desktop\CoderBE13440-main\BEparte2\3ra-entrega\src\routes\products.routes.js:67:19
    at runMicrotasks (<anonymous>)
    at processTicksAndRejections (internal/process/task_queues.js:93:5)
[2021-11-08T10:35:50.080] [WARN] warn - Error: No hay productos que coincidan con la busqueda.
    at C:\Users\Yoma\Desktop\CoderBE13440-main\BEparte2\3ra-entrega\src\routes\products.routes.js:67:19
    at runMicrotasks (<anonymous>)
    at processTicksAndRejections (internal/process/task_queues.js:93:5)
[2021-11-08T10:36:17.367] [WARN] warn - Error: No hay productos que coincidan con la busqueda.
    at C:\Users\Yoma\Desktop\CoderBE13440-main\BEparte2\3ra-entrega\src\routes\products.routes.js:67:19
    at runMicrotasks (<anonymous>)
    at processTicksAndRejections (internal/process/task_queues.js:93:5)
[2021-11-08T10:36:43.835] [WARN] warn - Error: No hay productos que coincidan con la busqueda.
    at C:\Users\Yoma\Desktop\CoderBE13440-main\BEparte2\3ra-entrega\src\routes\products.routes.js:67:19
    at runMicrotasks (<anonymous>)
    at processTicksAndRejections (internal/process/task_queues.js:93:5)
[2021-11-08T10:36:55.293] [WARN] warn - Error: No hay productos que coincidan con la busqueda.
    at C:\Users\Yoma\Desktop\CoderBE13440-main\BEparte2\3ra-entrega\src\routes\products.routes.js:67:19
    at runMicrotasks (<anonymous>)
    at processTicksAndRejections (internal/process/task_queues.js:93:5)
[2021-11-08T10:36:57.261] [WARN] warn - Error: No hay productos que coincidan con la busqueda.
    at C:\Users\Yoma\Desktop\CoderBE13440-main\BEparte2\3ra-entrega\src\routes\products.routes.js:67:19
    at runMicrotasks (<anonymous>)
    at processTicksAndRejections (internal/process/task_queues.js:93:5)
[2021-11-08T10:37:30.368] [WARN] warn - Error: No hay productos que coincidan con la busqueda.
    at C:\Users\Yoma\Desktop\CoderBE13440-main\BEparte2\3ra-entrega\src\routes\products.routes.js:67:19
    at runMicrotasks (<anonymous>)
    at processTicksAndRejections (internal/process/task_queues.js:93:5)
[2021-11-08T10:39:18.006] [WARN] warn - No hay carritos cargados.
[2021-11-08T10:39:51.569] [WARN] warn - Error: No hay productos que coincidan con la busqueda.
    at C:\Users\Yoma\Desktop\CoderBE13440-main\BEparte2\3ra-entrega\src\routes\products.routes.js:67:19
    at runMicrotasks (<anonymous>)
    at processTicksAndRejections (internal/process/task_queues.js:93:5)
[2021-11-08T10:40:17.754] [WARN] warn - No recipients defined
[2021-11-08T10:40:17.865] [WARN] warn - A 'From' phone number is required.
[2021-11-08T10:40:17.991] [WARN] warn - The 'To' number whatsapp:undefined is not a valid phone number.
[2021-11-08T10:50:49.799] [WARN] warn - No hay carritos cargados.
[2021-11-08T10:51:11.617] [WARN] warn - No recipients defined
[2021-11-08T10:51:11.967] [WARN] warn - The 'To' number whatsapp:undefined is not a valid phone number.
[2021-11-08T10:51:12.590] [WARN] warn - The 'To' number +541159269449 is not a valid phone number.
[2021-11-08T11:05:38.687] [WARN] warn - The 'To' number +541159269449 is not a valid phone number.
[2021-11-08T11:05:38.778] [WARN] warn - Twilio could not find a Channel with the specified From address
